#! /c/Source/iverilog-install/bin/vvp
:ivl_version "12.0 (devel)" "(s20150603-1539-g2693dd32b)";
:ivl_delay_selection "TYPICAL";
:vpi_time_precision - 12;
:vpi_module "G:\iverilog\lib\ivl\system.vpi";
:vpi_module "G:\iverilog\lib\ivl\vhdl_sys.vpi";
:vpi_module "G:\iverilog\lib\ivl\vhdl_textio.vpi";
:vpi_module "G:\iverilog\lib\ivl\v2005_math.vpi";
:vpi_module "G:\iverilog\lib\ivl\va_math.vpi";
S_000002b576bfe590 .scope module, "calculator_tb" "calculator_tb" 2 15;
 .timescale -9 -12;
P_000002b576bfa900 .param/l "CLK_PERIOD" 1 2 45, +C4<00000000000000000000000000001010>;
v000002b576c5cdb0_0 .net "an", 7 0, v000002b576c3da80_0;  1 drivers
v000002b576c5ce50_0 .var "clk", 0 0;
v000002b576c5c950_0 .net "dp", 0 0, v000002b576c3e2a0_0;  1 drivers
v000002b576c5c8b0_0 .var/i "fail_count", 31 0;
v000002b576c5dfd0_0 .net "led", 15 0, v000002b576c3d1c0_0;  1 drivers
v000002b576c5d2b0_0 .var/i "pass_count", 31 0;
v000002b576c5db70_0 .var "rst_in", 0 0;
v000002b576c5dcb0_0 .net "seg", 6 0, v000002b576c3cd60_0;  1 drivers
v000002b576c5d490_0 .var "sw", 15 0;
S_000002b576bff5c0 .scope task, "apply" "apply" 2 58, 2 58 0, S_000002b576bfe590;
 .timescale -9 -12;
v000002b576bea500_0 .var "a_in", 3 0;
v000002b576bea780_0 .var "b_in", 3 0;
v000002b576beae60_0 .var "op_in", 1 0;
E_000002b576bf9d80 .event posedge, v000002b576bea460_0;
TD_calculator_tb.apply ;
    %pushi/vec4 0, 0, 6;
    %load/vec4 v000002b576beae60_0;
    %concat/vec4; draw_concat_vec4
    %load/vec4 v000002b576bea780_0;
    %concat/vec4; draw_concat_vec4
    %load/vec4 v000002b576bea500_0;
    %concat/vec4; draw_concat_vec4
    %store/vec4 v000002b576c5d490_0, 0, 16;
    %pushi/vec4 4, 0, 32;
T_0.0 %dup/vec4;
    %pushi/vec4 0, 0, 32;
    %cmp/s;
    %jmp/1xz T_0.1, 5;
    %jmp/1 T_0.1, 4;
    %pushi/vec4 1, 0, 32;
    %sub;
    %wait E_000002b576bf9d80;
    %jmp T_0.0;
T_0.1 ;
    %pop/vec4 1;
    %delay 1000, 0;
    %end;
S_000002b576beb390 .scope task, "check" "check" 2 72, 2 72 0, S_000002b576bfe590;
 .timescale -9 -12;
v000002b576bea280_0 .var "a_in", 3 0;
v000002b576bea3c0_0 .var "b_in", 3 0;
v000002b576bea6e0_0 .var "exp_div0", 0 0;
v000002b576bea640_0 .var "exp_neg", 0 0;
v000002b576bea820_0 .var "exp_ovf", 0 0;
v000002b576bead20_0 .var "exp_result", 7 0;
v000002b576beaf00_0 .var "label", 63 0;
v000002b576beafa0_0 .var "op_in", 1 0;
TD_calculator_tb.check ;
    %load/vec4 v000002b576bea280_0;
    %store/vec4 v000002b576bea500_0, 0, 4;
    %load/vec4 v000002b576bea3c0_0;
    %store/vec4 v000002b576bea780_0, 0, 4;
    %load/vec4 v000002b576beafa0_0;
    %store/vec4 v000002b576beae60_0, 0, 2;
    %fork TD_calculator_tb.apply, S_000002b576bff5c0;
    %join;
    %load/vec4 v000002b576c5dfd0_0;
    %parti/s 8, 0, 2;
    %load/vec4 v000002b576bead20_0;
    %cmp/e;
    %flag_get/vec4 6;
    %jmp/0 T_1.6, 6;
    %load/vec4 v000002b576c5dfd0_0;
    %parti/s 1, 10, 5;
    %load/vec4 v000002b576bea640_0;
    %cmp/e;
    %flag_get/vec4 6;
    %and;
T_1.6;
    %flag_set/vec4 10;
    %flag_get/vec4 10;
    %jmp/0 T_1.5, 10;
    %load/vec4 v000002b576c5dfd0_0;
    %parti/s 1, 9, 5;
    %load/vec4 v000002b576bea6e0_0;
    %cmp/e;
    %flag_get/vec4 6;
    %and;
T_1.5;
    %flag_set/vec4 9;
    %flag_get/vec4 9;
    %jmp/0 T_1.4, 9;
    %load/vec4 v000002b576c5dfd0_0;
    %parti/s 1, 8, 5;
    %load/vec4 v000002b576bea820_0;
    %cmp/e;
    %flag_get/vec4 6;
    %and;
T_1.4;
    %flag_set/vec4 8;
    %jmp/0xz  T_1.2, 8;
    %vpi_call 2 88 "$display", "  PASS  %-8s  a=%2d b=%2d  result=0x%02X neg=%b div0=%b ovf=%b", v000002b576beaf00_0, v000002b576bea280_0, v000002b576bea3c0_0, &PV<v000002b576c5dfd0_0, 0, 8>, &PV<v000002b576c5dfd0_0, 10, 1>, &PV<v000002b576c5dfd0_0, 9, 1>, &PV<v000002b576c5dfd0_0, 8, 1> {0 0 0};
    %load/vec4 v000002b576c5d2b0_0;
    %addi 1, 0, 32;
    %store/vec4 v000002b576c5d2b0_0, 0, 32;
    %jmp T_1.3;
T_1.2 ;
    %vpi_call 2 92 "$display", "  FAIL  %-8s  a=%2d b=%2d", v000002b576beaf00_0, v000002b576bea280_0, v000002b576bea3c0_0 {0 0 0};
    %vpi_call 2 94 "$display", "         expected result=0x%02X neg=%b div0=%b ovf=%b", v000002b576bead20_0, v000002b576bea640_0, v000002b576bea6e0_0, v000002b576bea820_0 {0 0 0};
    %vpi_call 2 96 "$display", "         got      result=0x%02X neg=%b div0=%b ovf=%b", &PV<v000002b576c5dfd0_0, 0, 8>, &PV<v000002b576c5dfd0_0, 10, 1>, &PV<v000002b576c5dfd0_0, 9, 1>, &PV<v000002b576c5dfd0_0, 8, 1> {0 0 0};
    %load/vec4 v000002b576c5c8b0_0;
    %addi 1, 0, 32;
    %store/vec4 v000002b576c5c8b0_0, 0, 32;
T_1.3 ;
    %end;
S_000002b576bfd300 .scope module, "uut" "calculator_top" 2 32, 3 27 0, S_000002b576bfe590;
 .timescale -9 -12;
    .port_info 0 /INPUT 1 "clk";
    .port_info 1 /INPUT 1 "rst_in";
    .port_info 2 /INPUT 16 "sw";
    .port_info 3 /OUTPUT 16 "led";
    .port_info 4 /OUTPUT 8 "an";
    .port_info 5 /OUTPUT 7 "seg";
    .port_info 6 /OUTPUT 1 "dp";
v000002b576c3c9a0_0 .net "a", 3 0, L_000002b576c5d850;  1 drivers
v000002b576c3ce00_0 .net "an", 7 0, v000002b576c3da80_0;  alias, 1 drivers
v000002b576c3cea0_0 .net "b", 3 0, L_000002b576c5de90;  1 drivers
v000002b576c5dd50_0 .net "clk", 0 0, v000002b576c5ce50_0;  1 drivers
v000002b576c5c3b0_0 .net "dec_digit", 3 0, v000002b576bea1e0_0;  1 drivers
v000002b576c5d210_0 .net "digit0", 3 0, v000002b576c3d760_0;  1 drivers
v000002b576c5d670_0 .net "digit1", 3 0, v000002b576c3d440_0;  1 drivers
v000002b576c5d5d0_0 .net "digit2", 3 0, v000002b576c3d940_0;  1 drivers
v000002b576c5dad0_0 .net "digit3", 3 0, v000002b576c3c900_0;  1 drivers
v000002b576c5ddf0_0 .net "div_by_zero", 0 0, v000002b576beab40_0;  1 drivers
v000002b576c5c6d0_0 .net "dp", 0 0, v000002b576c3e2a0_0;  alias, 1 drivers
v000002b576c5c130_0 .net "dp_sel", 3 0, v000002b576c3d3a0_0;  1 drivers
v000002b576c5d8f0_0 .net "is_division", 0 0, v000002b576beabe0_0;  1 drivers
v000002b576c5cd10_0 .net "led", 15 0, v000002b576c3d1c0_0;  alias, 1 drivers
v000002b576c5d990_0 .net "neg_flag", 0 0, v000002b576bea320_0;  1 drivers
v000002b576c5d710_0 .net "op_sel", 1 0, L_000002b576c5c9f0;  1 drivers
v000002b576c5da30_0 .net "overflow", 0 0, v000002b576beac80_0;  1 drivers
v000002b576c5dc10_0 .net "refresh_tick", 0 0, v000002b576c3d800_0;  1 drivers
v000002b576c5cf90_0 .net "result", 7 0, v000002b576beadc0_0;  1 drivers
v000002b576c5d0d0_0 .net "rst", 0 0, v000002b576c3dbc0_0;  1 drivers
v000002b576c5cbd0_0 .net "rst_in", 0 0, v000002b576c5db70_0;  1 drivers
v000002b576c5d7b0_0 .net "seg", 6 0, v000002b576c3cd60_0;  alias, 1 drivers
v000002b576c5c810_0 .net "sw", 15 0, v000002b576c5d490_0;  1 drivers
v000002b576c5d170_0 .net "valid", 0 0, v000002b576bea5a0_0;  1 drivers
S_000002b576bbeb70 .scope module, "u_calc_core" "calc_core" 3 67, 4 22 0, S_000002b576bfd300;
 .timescale -9 -12;
    .port_info 0 /INPUT 1 "clk";
    .port_info 1 /INPUT 1 "rst";
    .port_info 2 /INPUT 4 "a";
    .port_info 3 /INPUT 4 "b";
    .port_info 4 /INPUT 2 "op_sel";
    .port_info 5 /OUTPUT 8 "result";
    .port_info 6 /OUTPUT 1 "overflow";
    .port_info 7 /OUTPUT 1 "div_by_zero";
    .port_info 8 /OUTPUT 1 "neg_flag";
    .port_info 9 /OUTPUT 1 "is_division";
    .port_info 10 /OUTPUT 4 "dec_digit";
    .port_info 11 /OUTPUT 1 "valid";
v000002b576beaa00_0 .net "a", 3 0, L_000002b576c5d850;  alias, 1 drivers
v000002b576beaaa0_0 .net "b", 3 0, L_000002b576c5de90;  alias, 1 drivers
v000002b576bea460_0 .net "clk", 0 0, v000002b576c5ce50_0;  alias, 1 drivers
v000002b576bea1e0_0 .var "dec_digit", 3 0;
v000002b576beab40_0 .var "div_by_zero", 0 0;
v000002b576beabe0_0 .var "is_division", 0 0;
v000002b576bea320_0 .var "neg_flag", 0 0;
v000002b576bea140_0 .net "op_sel", 1 0, L_000002b576c5c9f0;  alias, 1 drivers
v000002b576beac80_0 .var "overflow", 0 0;
v000002b576beadc0_0 .var "result", 7 0;
v000002b576bea8c0_0 .net "rst", 0 0, v000002b576c3dbc0_0;  alias, 1 drivers
v000002b576bea5a0_0 .var "valid", 0 0;
v000002b576bea960_0 .var "wide", 8 0;
E_000002b576bfa940 .event posedge, v000002b576bea8c0_0, v000002b576bea460_0;
S_000002b576bbed00 .scope module, "u_input_mapper" "input_mapper" 3 60, 5 15 0, S_000002b576bfd300;
 .timescale -9 -12;
    .port_info 0 /INPUT 16 "sw";
    .port_info 1 /OUTPUT 4 "a";
    .port_info 2 /OUTPUT 4 "b";
    .port_info 3 /OUTPUT 2 "op_sel";
v000002b576bea0a0_0 .net "a", 3 0, L_000002b576c5d850;  alias, 1 drivers
v000002b576c3cf40_0 .net "b", 3 0, L_000002b576c5de90;  alias, 1 drivers
v000002b576c3d8a0_0 .net "op_sel", 1 0, L_000002b576c5c9f0;  alias, 1 drivers
v000002b576c3cfe0_0 .net "sw", 15 0, v000002b576c5d490_0;  alias, 1 drivers
L_000002b576c5d850 .part v000002b576c5d490_0, 0, 4;
L_000002b576c5de90 .part v000002b576c5d490_0, 4, 4;
L_000002b576c5c9f0 .part v000002b576c5d490_0, 8, 2;
S_000002b576bb29e0 .scope module, "u_led_driver" "led_driver" 3 116, 6 13 0, S_000002b576bfd300;
 .timescale -9 -12;
    .port_info 0 /INPUT 8 "result";
    .port_info 1 /INPUT 1 "overflow";
    .port_info 2 /INPUT 1 "div_by_zero";
    .port_info 3 /INPUT 1 "neg_flag";
    .port_info 4 /INPUT 1 "rst";
    .port_info 5 /INPUT 1 "valid";
    .port_info 6 /OUTPUT 16 "led";
v000002b576c3d4e0_0 .net "div_by_zero", 0 0, v000002b576beab40_0;  alias, 1 drivers
v000002b576c3d1c0_0 .var "led", 15 0;
v000002b576c3de40_0 .net "neg_flag", 0 0, v000002b576bea320_0;  alias, 1 drivers
v000002b576c3e520_0 .net "overflow", 0 0, v000002b576beac80_0;  alias, 1 drivers
v000002b576c3cb80_0 .net "result", 7 0, v000002b576beadc0_0;  alias, 1 drivers
v000002b576c3d580_0 .net "rst", 0 0, v000002b576c3dbc0_0;  alias, 1 drivers
v000002b576c3cc20_0 .net "valid", 0 0, v000002b576bea5a0_0;  alias, 1 drivers
E_000002b576bfa500/0 .event anyedge, v000002b576bea8c0_0, v000002b576bea5a0_0, v000002b576bea320_0, v000002b576beab40_0;
E_000002b576bfa500/1 .event anyedge, v000002b576beac80_0, v000002b576beadc0_0;
E_000002b576bfa500 .event/or E_000002b576bfa500/0, E_000002b576bfa500/1;
S_000002b576bb2b70 .scope module, "u_refresh_div" "clock_divider" 3 96, 7 10 0, S_000002b576bfd300;
 .timescale -9 -12;
    .port_info 0 /INPUT 1 "clk";
    .port_info 1 /INPUT 1 "rst";
    .port_info 2 /OUTPUT 1 "tick";
P_000002b576bfa840 .param/l "DIVISOR" 1 7 16, +C4<00000000000000000110000110101000>;
v000002b576c3d080_0 .net "clk", 0 0, v000002b576c5ce50_0;  alias, 1 drivers
v000002b576c3d120_0 .var "counter", 14 0;
v000002b576c3dd00_0 .net "rst", 0 0, v000002b576c3dbc0_0;  alias, 1 drivers
v000002b576c3d800_0 .var "tick", 0 0;
S_000002b576bd1000 .scope module, "u_reset_sync" "reset_sync" 3 54, 8 7 0, S_000002b576bfd300;
 .timescale -9 -12;
    .port_info 0 /INPUT 1 "clk";
    .port_info 1 /INPUT 1 "rst_in";
    .port_info 2 /OUTPUT 1 "rst";
v000002b576c3d260_0 .net "clk", 0 0, v000002b576c5ce50_0;  alias, 1 drivers
v000002b576c3dbc0_0 .var "rst", 0 0;
v000002b576c3db20_0 .net "rst_in", 0 0, v000002b576c5db70_0;  alias, 1 drivers
v000002b576c3e340_0 .var "rst_meta", 0 0;
E_000002b576bf9d40 .event posedge, v000002b576c3db20_0, v000002b576bea460_0;
S_000002b576bd1190 .scope module, "u_result_formatter" "result_formatter" 3 82, 9 22 0, S_000002b576bfd300;
 .timescale -9 -12;
    .port_info 0 /INPUT 8 "result";
    .port_info 1 /INPUT 1 "overflow";
    .port_info 2 /INPUT 1 "div_by_zero";
    .port_info 3 /INPUT 1 "neg_flag";
    .port_info 4 /INPUT 1 "is_division";
    .port_info 5 /INPUT 4 "dec_digit";
    .port_info 6 /OUTPUT 4 "digit3";
    .port_info 7 /OUTPUT 4 "digit2";
    .port_info 8 /OUTPUT 4 "digit1";
    .port_info 9 /OUTPUT 4 "digit0";
    .port_info 10 /OUTPUT 4 "dp_sel";
P_000002b576b84020 .param/l "BLANK" 1 9 39, C4<1010>;
P_000002b576b84058 .param/l "E_CHR" 1 9 41, C4<1100>;
P_000002b576b84090 .param/l "MINUS" 1 9 40, C4<1011>;
P_000002b576b840c8 .param/l "R_CHR" 1 9 42, C4<1101>;
v000002b576c3dda0_0 .var "d_h", 3 0;
v000002b576c3e480_0 .var "d_t", 3 0;
v000002b576c3ccc0_0 .var "d_u", 3 0;
v000002b576c3d300_0 .net "dec_digit", 3 0, v000002b576bea1e0_0;  alias, 1 drivers
v000002b576c3d760_0 .var "digit0", 3 0;
v000002b576c3d440_0 .var "digit1", 3 0;
v000002b576c3d940_0 .var "digit2", 3 0;
v000002b576c3c900_0 .var "digit3", 3 0;
v000002b576c3dee0_0 .net "div_by_zero", 0 0, v000002b576beab40_0;  alias, 1 drivers
v000002b576c3d3a0_0 .var "dp_sel", 3 0;
v000002b576c3c7c0_0 .net "is_division", 0 0, v000002b576beabe0_0;  alias, 1 drivers
v000002b576c3d620_0 .var "magnitude", 7 0;
v000002b576c3d6c0_0 .net "neg_flag", 0 0, v000002b576bea320_0;  alias, 1 drivers
v000002b576c3d9e0_0 .net "overflow", 0 0, v000002b576beac80_0;  alias, 1 drivers
v000002b576c3df80_0 .net "result", 7 0, v000002b576beadc0_0;  alias, 1 drivers
E_000002b576bfa600/0 .event anyedge, v000002b576beab40_0, v000002b576beac80_0, v000002b576bea320_0, v000002b576beadc0_0;
E_000002b576bfa600/1 .event anyedge, v000002b576c3d620_0, v000002b576c3e480_0, v000002b576c3ccc0_0, v000002b576beabe0_0;
E_000002b576bfa600/2 .event anyedge, v000002b576bea1e0_0, v000002b576c3dda0_0;
E_000002b576bfa600 .event/or E_000002b576bfa600/0, E_000002b576bfa600/1, E_000002b576bfa600/2;
S_000002b576bcb5e0 .scope module, "u_sevenseg_mux" "sevenseg_mux" 3 102, 10 27 0, S_000002b576bfd300;
 .timescale -9 -12;
    .port_info 0 /INPUT 1 "clk";
    .port_info 1 /INPUT 1 "rst";
    .port_info 2 /INPUT 1 "refresh_tick";
    .port_info 3 /INPUT 4 "digit3";
    .port_info 4 /INPUT 4 "digit2";
    .port_info 5 /INPUT 4 "digit1";
    .port_info 6 /INPUT 4 "digit0";
    .port_info 7 /INPUT 4 "dp_sel";
    .port_info 8 /OUTPUT 8 "an";
    .port_info 9 /OUTPUT 7 "seg";
    .port_info 10 /OUTPUT 1 "dp";
v000002b576c3da80_0 .var "an", 7 0;
v000002b576c3e020_0 .net "clk", 0 0, v000002b576c5ce50_0;  alias, 1 drivers
v000002b576c3e0c0_0 .var "cur_code", 3 0;
v000002b576c3dc60_0 .var "cur_dp", 0 0;
v000002b576c3cae0_0 .net "digit0", 3 0, v000002b576c3d760_0;  alias, 1 drivers
v000002b576c3ca40_0 .net "digit1", 3 0, v000002b576c3d440_0;  alias, 1 drivers
v000002b576c3e160_0 .net "digit2", 3 0, v000002b576c3d940_0;  alias, 1 drivers
v000002b576c3e200_0 .net "digit3", 3 0, v000002b576c3c900_0;  alias, 1 drivers
v000002b576c3e2a0_0 .var "dp", 0 0;
v000002b576c3e3e0_0 .net "dp_sel", 3 0, v000002b576c3d3a0_0;  alias, 1 drivers
v000002b576c3c720_0 .net "refresh_tick", 0 0, v000002b576c3d800_0;  alias, 1 drivers
v000002b576c3c680_0 .net "rst", 0 0, v000002b576c3dbc0_0;  alias, 1 drivers
v000002b576c3cd60_0 .var "seg", 6 0;
v000002b576c3c860_0 .var "sel", 1 0;
E_000002b576bfaa80 .event anyedge, v000002b576c3dc60_0, v000002b576c3e0c0_0;
E_000002b576bfa1c0/0 .event anyedge, v000002b576c3d760_0, v000002b576c3c860_0, v000002b576c3d3a0_0, v000002b576c3d440_0;
E_000002b576bfa1c0/1 .event anyedge, v000002b576c3d940_0, v000002b576c3c900_0;
E_000002b576bfa1c0 .event/or E_000002b576bfa1c0/0, E_000002b576bfa1c0/1;
    .scope S_000002b576bd1000;
T_2 ;
    %wait E_000002b576bf9d40;
    %load/vec4 v000002b576c3db20_0;
    %flag_set/vec4 8;
    %jmp/0xz  T_2.0, 8;
    %pushi/vec4 1, 0, 1;
    %assign/vec4 v000002b576c3e340_0, 0;
    %pushi/vec4 1, 0, 1;
    %assign/vec4 v000002b576c3dbc0_0, 0;
    %jmp T_2.1;
T_2.0 ;
    %pushi/vec4 0, 0, 1;
    %assign/vec4 v000002b576c3e340_0, 0;
    %load/vec4 v000002b576c3e340_0;
    %assign/vec4 v000002b576c3dbc0_0, 0;
T_2.1 ;
    %jmp T_2;
    .thread T_2;
    .scope S_000002b576bbeb70;
T_3 ;
    %wait E_000002b576bfa940;
    %load/vec4 v000002b576bea8c0_0;
    %flag_set/vec4 8;
    %jmp/0xz  T_3.0, 8;
    %pushi/vec4 0, 0, 8;
    %assign/vec4 v000002b576beadc0_0, 0;
    %pushi/vec4 0, 0, 1;
    %assign/vec4 v000002b576beac80_0, 0;
    %pushi/vec4 0, 0, 1;
    %assign/vec4 v000002b576beab40_0, 0;
    %pushi/vec4 0, 0, 1;
    %assign/vec4 v000002b576bea320_0, 0;
    %pushi/vec4 0, 0, 1;
    %assign/vec4 v000002b576beabe0_0, 0;
    %pushi/vec4 0, 0, 4;
    %assign/vec4 v000002b576bea1e0_0, 0;
    %pushi/vec4 0, 0, 1;
    %assign/vec4 v000002b576bea5a0_0, 0;
    %jmp T_3.1;
T_3.0 ;
    %pushi/vec4 0, 0, 1;
    %assign/vec4 v000002b576beac80_0, 0;
    %pushi/vec4 0, 0, 1;
    %assign/vec4 v000002b576beab40_0, 0;
    %pushi/vec4 0, 0, 1;
    %assign/vec4 v000002b576bea320_0, 0;
    %pushi/vec4 0, 0, 1;
    %assign/vec4 v000002b576beabe0_0, 0;
    %pushi/vec4 0, 0, 4;
    %assign/vec4 v000002b576bea1e0_0, 0;
    %pushi/vec4 1, 0, 1;
    %assign/vec4 v000002b576bea5a0_0, 0;
    %load/vec4 v000002b576bea140_0;
    %dup/vec4;
    %pushi/vec4 0, 0, 2;
    %cmp/u;
    %jmp/1 T_3.2, 6;
    %dup/vec4;
    %pushi/vec4 1, 0, 2;
    %cmp/u;
    %jmp/1 T_3.3, 6;
    %dup/vec4;
    %pushi/vec4 2, 0, 2;
    %cmp/u;
    %jmp/1 T_3.4, 6;
    %dup/vec4;
    %pushi/vec4 3, 0, 2;
    %cmp/u;
    %jmp/1 T_3.5, 6;
    %pushi/vec4 0, 0, 8;
    %assign/vec4 v000002b576beadc0_0, 0;
    %jmp T_3.7;
T_3.2 ;
    %pushi/vec4 0, 0, 1;
    %load/vec4 v000002b576beaa00_0;
    %concat/vec4; draw_concat_vec4
    %pad/u 9;
    %pushi/vec4 0, 0, 1;
    %load/vec4 v000002b576beaaa0_0;
    %concat/vec4; draw_concat_vec4
    %pad/u 9;
    %add;
    %store/vec4 v000002b576bea960_0, 0, 9;
    %load/vec4 v000002b576bea960_0;
    %parti/s 8, 0, 2;
    %assign/vec4 v000002b576beadc0_0, 0;
    %load/vec4 v000002b576bea960_0;
    %parti/s 1, 8, 5;
    %assign/vec4 v000002b576beac80_0, 0;
    %jmp T_3.7;
T_3.3 ;
    %pushi/vec4 0, 0, 4;
    %load/vec4 v000002b576beaa00_0;
    %concat/vec4; draw_concat_vec4
    %pushi/vec4 0, 0, 4;
    %load/vec4 v000002b576beaaa0_0;
    %concat/vec4; draw_concat_vec4
    %sub;
    %assign/vec4 v000002b576beadc0_0, 0;
    %load/vec4 v000002b576beaa00_0;
    %load/vec4 v000002b576beaaa0_0;
    %cmp/u;
    %flag_mov 8, 5;
    %jmp/0 T_3.8, 8;
    %pushi/vec4 1, 0, 1;
    %jmp/1 T_3.9, 8;
T_3.8 ; End of true expr.
    %pushi/vec4 0, 0, 1;
    %jmp/0 T_3.9, 8;
 ; End of false expr.
    %blend;
T_3.9;
    %assign/vec4 v000002b576bea320_0, 0;
    %jmp T_3.7;
T_3.4 ;
    %pushi/vec4 0, 0, 1;
    %load/vec4 v000002b576beaa00_0;
    %concat/vec4; draw_concat_vec4
    %pad/u 9;
    %pushi/vec4 0, 0, 1;
    %load/vec4 v000002b576beaaa0_0;
    %concat/vec4; draw_concat_vec4
    %pad/u 9;
    %mul;
    %store/vec4 v000002b576bea960_0, 0, 9;
    %load/vec4 v000002b576bea960_0;
    %parti/s 8, 0, 2;
    %assign/vec4 v000002b576beadc0_0, 0;
    %load/vec4 v000002b576bea960_0;
    %parti/s 1, 8, 5;
    %assign/vec4 v000002b576beac80_0, 0;
    %jmp T_3.7;
T_3.5 ;
    %pushi/vec4 1, 0, 1;
    %assign/vec4 v000002b576beabe0_0, 0;
    %load/vec4 v000002b576beaaa0_0;
    %cmpi/e 0, 0, 4;
    %jmp/0xz  T_3.10, 4;
    %pushi/vec4 1, 0, 1;
    %assign/vec4 v000002b576beab40_0, 0;
    %pushi/vec4 0, 0, 8;
    %assign/vec4 v000002b576beadc0_0, 0;
    %pushi/vec4 0, 0, 4;
    %assign/vec4 v000002b576bea1e0_0, 0;
    %jmp T_3.11;
T_3.10 ;
    %pushi/vec4 0, 0, 4;
    %load/vec4 v000002b576beaa00_0;
    %concat/vec4; draw_concat_vec4
    %pushi/vec4 0, 0, 4;
    %load/vec4 v000002b576beaaa0_0;
    %concat/vec4; draw_concat_vec4
    %div;
    %assign/vec4 v000002b576beadc0_0, 0;
    %pushi/vec4 0, 0, 4;
    %load/vec4 v000002b576beaa00_0;
    %concat/vec4; draw_concat_vec4
    %pushi/vec4 0, 0, 4;
    %load/vec4 v000002b576beaaa0_0;
    %concat/vec4; draw_concat_vec4
    %mod;
    %muli 10, 0, 8;
    %pushi/vec4 0, 0, 4;
    %load/vec4 v000002b576beaaa0_0;
    %concat/vec4; draw_concat_vec4
    %div;
    %pad/u 4;
    %assign/vec4 v000002b576bea1e0_0, 0;
T_3.11 ;
    %jmp T_3.7;
T_3.7 ;
    %pop/vec4 1;
T_3.1 ;
    %jmp T_3;
    .thread T_3;
    .scope S_000002b576bd1190;
T_4 ;
    %wait E_000002b576bfa600;
    %pushi/vec4 0, 0, 4;
    %store/vec4 v000002b576c3d3a0_0, 0, 4;
    %pushi/vec4 10, 0, 4;
    %store/vec4 v000002b576c3c900_0, 0, 4;
    %pushi/vec4 10, 0, 4;
    %store/vec4 v000002b576c3d940_0, 0, 4;
    %pushi/vec4 10, 0, 4;
    %store/vec4 v000002b576c3d440_0, 0, 4;
    %pushi/vec4 10, 0, 4;
    %store/vec4 v000002b576c3d760_0, 0, 4;
    %pushi/vec4 0, 0, 8;
    %store/vec4 v000002b576c3d620_0, 0, 8;
    %pushi/vec4 0, 0, 4;
    %store/vec4 v000002b576c3dda0_0, 0, 4;
    %pushi/vec4 0, 0, 4;
    %store/vec4 v000002b576c3e480_0, 0, 4;
    %pushi/vec4 0, 0, 4;
    %store/vec4 v000002b576c3ccc0_0, 0, 4;
    %load/vec4 v000002b576c3dee0_0;
    %flag_set/vec4 8;
    %jmp/1 T_4.2, 8;
    %load/vec4 v000002b576c3d9e0_0;
    %flag_set/vec4 9;
    %flag_or 8, 9;
T_4.2;
    %jmp/0xz  T_4.0, 8;
    %pushi/vec4 10, 0, 4;
    %store/vec4 v000002b576c3c900_0, 0, 4;
    %pushi/vec4 12, 0, 4;
    %store/vec4 v000002b576c3d940_0, 0, 4;
    %pushi/vec4 13, 0, 4;
    %store/vec4 v000002b576c3d440_0, 0, 4;
    %pushi/vec4 13, 0, 4;
    %store/vec4 v000002b576c3d760_0, 0, 4;
    %jmp T_4.1;
T_4.0 ;
    %load/vec4 v000002b576c3d6c0_0;
    %flag_set/vec4 8;
    %jmp/0xz  T_4.3, 8;
    %load/vec4 v000002b576c3df80_0;
    %inv;
    %addi 1, 0, 8;
    %store/vec4 v000002b576c3d620_0, 0, 8;
    %load/vec4 v000002b576c3d620_0;
    %pushi/vec4 10, 0, 8;
    %div;
    %pad/u 4;
    %store/vec4 v000002b576c3e480_0, 0, 4;
    %load/vec4 v000002b576c3d620_0;
    %pushi/vec4 10, 0, 8;
    %mod;
    %pad/u 4;
    %store/vec4 v000002b576c3ccc0_0, 0, 4;
    %load/vec4 v000002b576c3e480_0;
    %cmpi/e 0, 0, 4;
    %jmp/0xz  T_4.5, 4;
    %pushi/vec4 10, 0, 4;
    %store/vec4 v000002b576c3c900_0, 0, 4;
    %pushi/vec4 10, 0, 4;
    %store/vec4 v000002b576c3d940_0, 0, 4;
    %pushi/vec4 11, 0, 4;
    %store/vec4 v000002b576c3d440_0, 0, 4;
    %load/vec4 v000002b576c3ccc0_0;
    %store/vec4 v000002b576c3d760_0, 0, 4;
    %jmp T_4.6;
T_4.5 ;
    %pushi/vec4 10, 0, 4;
    %store/vec4 v000002b576c3c900_0, 0, 4;
    %pushi/vec4 11, 0, 4;
    %store/vec4 v000002b576c3d940_0, 0, 4;
    %load/vec4 v000002b576c3e480_0;
    %store/vec4 v000002b576c3d440_0, 0, 4;
    %load/vec4 v000002b576c3ccc0_0;
    %store/vec4 v000002b576c3d760_0, 0, 4;
T_4.6 ;
    %jmp T_4.4;
T_4.3 ;
    %load/vec4 v000002b576c3c7c0_0;
    %flag_set/vec4 8;
    %jmp/0xz  T_4.7, 8;
    %load/vec4 v000002b576c3df80_0;
    %pushi/vec4 10, 0, 8;
    %div;
    %pad/u 4;
    %store/vec4 v000002b576c3e480_0, 0, 4;
    %load/vec4 v000002b576c3df80_0;
    %pushi/vec4 10, 0, 8;
    %mod;
    %pad/u 4;
    %store/vec4 v000002b576c3ccc0_0, 0, 4;
    %load/vec4 v000002b576c3e480_0;
    %cmpi/e 0, 0, 4;
    %jmp/0xz  T_4.9, 4;
    %pushi/vec4 10, 0, 4;
    %store/vec4 v000002b576c3c900_0, 0, 4;
    %pushi/vec4 10, 0, 4;
    %store/vec4 v000002b576c3d940_0, 0, 4;
    %load/vec4 v000002b576c3ccc0_0;
    %store/vec4 v000002b576c3d440_0, 0, 4;
    %load/vec4 v000002b576c3d300_0;
    %store/vec4 v000002b576c3d760_0, 0, 4;
    %jmp T_4.10;
T_4.9 ;
    %pushi/vec4 10, 0, 4;
    %store/vec4 v000002b576c3c900_0, 0, 4;
    %load/vec4 v000002b576c3e480_0;
    %store/vec4 v000002b576c3d940_0, 0, 4;
    %load/vec4 v000002b576c3ccc0_0;
    %store/vec4 v000002b576c3d440_0, 0, 4;
    %load/vec4 v000002b576c3d300_0;
    %store/vec4 v000002b576c3d760_0, 0, 4;
T_4.10 ;
    %pushi/vec4 2, 0, 4;
    %store/vec4 v000002b576c3d3a0_0, 0, 4;
    %jmp T_4.8;
T_4.7 ;
    %load/vec4 v000002b576c3df80_0;
    %pushi/vec4 100, 0, 8;
    %div;
    %pad/u 4;
    %store/vec4 v000002b576c3dda0_0, 0, 4;
    %load/vec4 v000002b576c3df80_0;
    %pushi/vec4 100, 0, 8;
    %mod;
    %pushi/vec4 10, 0, 8;
    %div;
    %pad/u 4;
    %store/vec4 v000002b576c3e480_0, 0, 4;
    %load/vec4 v000002b576c3df80_0;
    %pushi/vec4 10, 0, 8;
    %mod;
    %pad/u 4;
    %store/vec4 v000002b576c3ccc0_0, 0, 4;
    %load/vec4 v000002b576c3dda0_0;
    %cmpi/u 0, 0, 4;
    %flag_or 5, 4; GT is !LE
    %flag_inv 5;
    %jmp/0xz  T_4.11, 5;
    %pushi/vec4 10, 0, 4;
    %store/vec4 v000002b576c3c900_0, 0, 4;
    %load/vec4 v000002b576c3dda0_0;
    %store/vec4 v000002b576c3d940_0, 0, 4;
    %load/vec4 v000002b576c3e480_0;
    %store/vec4 v000002b576c3d440_0, 0, 4;
    %load/vec4 v000002b576c3ccc0_0;
    %store/vec4 v000002b576c3d760_0, 0, 4;
    %jmp T_4.12;
T_4.11 ;
    %load/vec4 v000002b576c3e480_0;
    %cmpi/u 0, 0, 4;
    %flag_or 5, 4; GT is !LE
    %flag_inv 5;
    %jmp/0xz  T_4.13, 5;
    %pushi/vec4 10, 0, 4;
    %store/vec4 v000002b576c3c900_0, 0, 4;
    %pushi/vec4 10, 0, 4;
    %store/vec4 v000002b576c3d940_0, 0, 4;
    %load/vec4 v000002b576c3e480_0;
    %store/vec4 v000002b576c3d440_0, 0, 4;
    %load/vec4 v000002b576c3ccc0_0;
    %store/vec4 v000002b576c3d760_0, 0, 4;
    %jmp T_4.14;
T_4.13 ;
    %pushi/vec4 10, 0, 4;
    %store/vec4 v000002b576c3c900_0, 0, 4;
    %pushi/vec4 10, 0, 4;
    %store/vec4 v000002b576c3d940_0, 0, 4;
    %pushi/vec4 10, 0, 4;
    %store/vec4 v000002b576c3d440_0, 0, 4;
    %load/vec4 v000002b576c3ccc0_0;
    %store/vec4 v000002b576c3d760_0, 0, 4;
T_4.14 ;
T_4.12 ;
T_4.8 ;
T_4.4 ;
T_4.1 ;
    %jmp T_4;
    .thread T_4, $push;
    .scope S_000002b576bb2b70;
T_5 ;
    %wait E_000002b576bfa940;
    %load/vec4 v000002b576c3dd00_0;
    %flag_set/vec4 8;
    %jmp/0xz  T_5.0, 8;
    %pushi/vec4 0, 0, 15;
    %assign/vec4 v000002b576c3d120_0, 0;
    %pushi/vec4 0, 0, 1;
    %assign/vec4 v000002b576c3d800_0, 0;
    %jmp T_5.1;
T_5.0 ;
    %load/vec4 v000002b576c3d120_0;
    %pad/u 32;
    %cmpi/e 24999, 0, 32;
    %jmp/0xz  T_5.2, 4;
    %pushi/vec4 0, 0, 15;
    %assign/vec4 v000002b576c3d120_0, 0;
    %pushi/vec4 1, 0, 1;
    %assign/vec4 v000002b576c3d800_0, 0;
    %jmp T_5.3;
T_5.2 ;
    %load/vec4 v000002b576c3d120_0;
    %addi 1, 0, 15;
    %assign/vec4 v000002b576c3d120_0, 0;
    %pushi/vec4 0, 0, 1;
    %assign/vec4 v000002b576c3d800_0, 0;
T_5.3 ;
T_5.1 ;
    %jmp T_5;
    .thread T_5;
    .scope S_000002b576bcb5e0;
T_6 ;
    %wait E_000002b576bfa940;
    %load/vec4 v000002b576c3c680_0;
    %flag_set/vec4 8;
    %jmp/0xz  T_6.0, 8;
    %pushi/vec4 0, 0, 2;
    %assign/vec4 v000002b576c3c860_0, 0;
    %jmp T_6.1;
T_6.0 ;
    %load/vec4 v000002b576c3c720_0;
    %flag_set/vec4 8;
    %jmp/0xz  T_6.2, 8;
    %load/vec4 v000002b576c3c860_0;
    %addi 1, 0, 2;
    %assign/vec4 v000002b576c3c860_0, 0;
T_6.2 ;
T_6.1 ;
    %jmp T_6;
    .thread T_6;
    .scope S_000002b576bcb5e0;
T_7 ;
    %wait E_000002b576bfa1c0;
    %pushi/vec4 255, 0, 8;
    %store/vec4 v000002b576c3da80_0, 0, 8;
    %load/vec4 v000002b576c3cae0_0;
    %store/vec4 v000002b576c3e0c0_0, 0, 4;
    %pushi/vec4 0, 0, 1;
    %store/vec4 v000002b576c3dc60_0, 0, 1;
    %load/vec4 v000002b576c3c860_0;
    %dup/vec4;
    %pushi/vec4 0, 0, 2;
    %cmp/u;
    %jmp/1 T_7.0, 6;
    %dup/vec4;
    %pushi/vec4 1, 0, 2;
    %cmp/u;
    %jmp/1 T_7.1, 6;
    %dup/vec4;
    %pushi/vec4 2, 0, 2;
    %cmp/u;
    %jmp/1 T_7.2, 6;
    %dup/vec4;
    %pushi/vec4 3, 0, 2;
    %cmp/u;
    %jmp/1 T_7.3, 6;
    %pushi/vec4 255, 0, 8;
    %store/vec4 v000002b576c3da80_0, 0, 8;
    %pushi/vec4 10, 0, 4;
    %store/vec4 v000002b576c3e0c0_0, 0, 4;
    %pushi/vec4 0, 0, 1;
    %store/vec4 v000002b576c3dc60_0, 0, 1;
    %jmp T_7.5;
T_7.0 ;
    %pushi/vec4 0, 0, 1;
    %ix/load 4, 0, 0;
    %flag_set/imm 4, 0;
    %store/vec4 v000002b576c3da80_0, 4, 1;
    %load/vec4 v000002b576c3cae0_0;
    %store/vec4 v000002b576c3e0c0_0, 0, 4;
    %load/vec4 v000002b576c3e3e0_0;
    %parti/s 1, 0, 2;
    %store/vec4 v000002b576c3dc60_0, 0, 1;
    %jmp T_7.5;
T_7.1 ;
    %pushi/vec4 0, 0, 1;
    %ix/load 4, 1, 0;
    %flag_set/imm 4, 0;
    %store/vec4 v000002b576c3da80_0, 4, 1;
    %load/vec4 v000002b576c3ca40_0;
    %store/vec4 v000002b576c3e0c0_0, 0, 4;
    %load/vec4 v000002b576c3e3e0_0;
    %parti/s 1, 1, 2;
    %store/vec4 v000002b576c3dc60_0, 0, 1;
    %jmp T_7.5;
T_7.2 ;
    %pushi/vec4 0, 0, 1;
    %ix/load 4, 2, 0;
    %flag_set/imm 4, 0;
    %store/vec4 v000002b576c3da80_0, 4, 1;
    %load/vec4 v000002b576c3e160_0;
    %store/vec4 v000002b576c3e0c0_0, 0, 4;
    %load/vec4 v000002b576c3e3e0_0;
    %parti/s 1, 2, 3;
    %store/vec4 v000002b576c3dc60_0, 0, 1;
    %jmp T_7.5;
T_7.3 ;
    %pushi/vec4 0, 0, 1;
    %ix/load 4, 3, 0;
    %flag_set/imm 4, 0;
    %store/vec4 v000002b576c3da80_0, 4, 1;
    %load/vec4 v000002b576c3e200_0;
    %store/vec4 v000002b576c3e0c0_0, 0, 4;
    %load/vec4 v000002b576c3e3e0_0;
    %parti/s 1, 3, 3;
    %store/vec4 v000002b576c3dc60_0, 0, 1;
    %jmp T_7.5;
T_7.5 ;
    %pop/vec4 1;
    %jmp T_7;
    .thread T_7, $push;
    .scope S_000002b576bcb5e0;
T_8 ;
    %wait E_000002b576bfaa80;
    %load/vec4 v000002b576c3dc60_0;
    %inv;
    %store/vec4 v000002b576c3e2a0_0, 0, 1;
    %load/vec4 v000002b576c3e0c0_0;
    %dup/vec4;
    %pushi/vec4 0, 0, 4;
    %cmp/u;
    %jmp/1 T_8.0, 6;
    %dup/vec4;
    %pushi/vec4 1, 0, 4;
    %cmp/u;
    %jmp/1 T_8.1, 6;
    %dup/vec4;
    %pushi/vec4 2, 0, 4;
    %cmp/u;
    %jmp/1 T_8.2, 6;
    %dup/vec4;
    %pushi/vec4 3, 0, 4;
    %cmp/u;
    %jmp/1 T_8.3, 6;
    %dup/vec4;
    %pushi/vec4 4, 0, 4;
    %cmp/u;
    %jmp/1 T_8.4, 6;
    %dup/vec4;
    %pushi/vec4 5, 0, 4;
    %cmp/u;
    %jmp/1 T_8.5, 6;
    %dup/vec4;
    %pushi/vec4 6, 0, 4;
    %cmp/u;
    %jmp/1 T_8.6, 6;
    %dup/vec4;
    %pushi/vec4 7, 0, 4;
    %cmp/u;
    %jmp/1 T_8.7, 6;
    %dup/vec4;
    %pushi/vec4 8, 0, 4;
    %cmp/u;
    %jmp/1 T_8.8, 6;
    %dup/vec4;
    %pushi/vec4 9, 0, 4;
    %cmp/u;
    %jmp/1 T_8.9, 6;
    %dup/vec4;
    %pushi/vec4 10, 0, 4;
    %cmp/u;
    %jmp/1 T_8.10, 6;
    %dup/vec4;
    %pushi/vec4 11, 0, 4;
    %cmp/u;
    %jmp/1 T_8.11, 6;
    %dup/vec4;
    %pushi/vec4 12, 0, 4;
    %cmp/u;
    %jmp/1 T_8.12, 6;
    %dup/vec4;
    %pushi/vec4 13, 0, 4;
    %cmp/u;
    %jmp/1 T_8.13, 6;
    %pushi/vec4 127, 0, 7;
    %store/vec4 v000002b576c3cd60_0, 0, 7;
    %jmp T_8.15;
T_8.0 ;
    %pushi/vec4 64, 0, 7;
    %store/vec4 v000002b576c3cd60_0, 0, 7;
    %jmp T_8.15;
T_8.1 ;
    %pushi/vec4 121, 0, 7;
    %store/vec4 v000002b576c3cd60_0, 0, 7;
    %jmp T_8.15;
T_8.2 ;
    %pushi/vec4 36, 0, 7;
    %store/vec4 v000002b576c3cd60_0, 0, 7;
    %jmp T_8.15;
T_8.3 ;
    %pushi/vec4 48, 0, 7;
    %store/vec4 v000002b576c3cd60_0, 0, 7;
    %jmp T_8.15;
T_8.4 ;
    %pushi/vec4 25, 0, 7;
    %store/vec4 v000002b576c3cd60_0, 0, 7;
    %jmp T_8.15;
T_8.5 ;
    %pushi/vec4 18, 0, 7;
    %store/vec4 v000002b576c3cd60_0, 0, 7;
    %jmp T_8.15;
T_8.6 ;
    %pushi/vec4 2, 0, 7;
    %store/vec4 v000002b576c3cd60_0, 0, 7;
    %jmp T_8.15;
T_8.7 ;
    %pushi/vec4 120, 0, 7;
    %store/vec4 v000002b576c3cd60_0, 0, 7;
    %jmp T_8.15;
T_8.8 ;
    %pushi/vec4 0, 0, 7;
    %store/vec4 v000002b576c3cd60_0, 0, 7;
    %jmp T_8.15;
T_8.9 ;
    %pushi/vec4 16, 0, 7;
    %store/vec4 v000002b576c3cd60_0, 0, 7;
    %jmp T_8.15;
T_8.10 ;
    %pushi/vec4 127, 0, 7;
    %store/vec4 v000002b576c3cd60_0, 0, 7;
    %jmp T_8.15;
T_8.11 ;
    %pushi/vec4 63, 0, 7;
    %store/vec4 v000002b576c3cd60_0, 0, 7;
    %jmp T_8.15;
T_8.12 ;
    %pushi/vec4 6, 0, 7;
    %store/vec4 v000002b576c3cd60_0, 0, 7;
    %jmp T_8.15;
T_8.13 ;
    %pushi/vec4 47, 0, 7;
    %store/vec4 v000002b576c3cd60_0, 0, 7;
    %jmp T_8.15;
T_8.15 ;
    %pop/vec4 1;
    %jmp T_8;
    .thread T_8, $push;
    .scope S_000002b576bb29e0;
T_9 ;
    %wait E_000002b576bfa500;
    %load/vec4 v000002b576c3d580_0;
    %flag_set/vec4 8;
    %jmp/1 T_9.2, 8;
    %load/vec4 v000002b576c3cc20_0;
    %nor/r;
    %flag_set/vec4 9;
    %flag_or 8, 9;
T_9.2;
    %jmp/0xz  T_9.0, 8;
    %pushi/vec4 0, 0, 16;
    %store/vec4 v000002b576c3d1c0_0, 0, 16;
    %jmp T_9.1;
T_9.0 ;
    %pushi/vec4 0, 0, 5;
    %load/vec4 v000002b576c3de40_0;
    %concat/vec4; draw_concat_vec4
    %load/vec4 v000002b576c3d4e0_0;
    %concat/vec4; draw_concat_vec4
    %load/vec4 v000002b576c3e520_0;
    %concat/vec4; draw_concat_vec4
    %load/vec4 v000002b576c3cb80_0;
    %concat/vec4; draw_concat_vec4
    %store/vec4 v000002b576c3d1c0_0, 0, 16;
T_9.1 ;
    %jmp T_9;
    .thread T_9, $push;
    .scope S_000002b576bfe590;
T_10 ;
    %pushi/vec4 0, 0, 1;
    %store/vec4 v000002b576c5ce50_0, 0, 1;
    %end;
    .thread T_10;
    .scope S_000002b576bfe590;
T_11 ;
    %delay 5000, 0;
    %load/vec4 v000002b576c5ce50_0;
    %inv;
    %store/vec4 v000002b576c5ce50_0, 0, 1;
    %jmp T_11;
    .thread T_11;
    .scope S_000002b576bfe590;
T_12 ;
    %vpi_call 2 107 "$dumpfile", "calculator_tb.vcd" {0 0 0};
    %vpi_call 2 108 "$dumpvars", 32'sb00000000000000000000000000000000, S_000002b576bfe590 {0 0 0};
    %pushi/vec4 0, 0, 32;
    %store/vec4 v000002b576c5d2b0_0, 0, 32;
    %pushi/vec4 0, 0, 32;
    %store/vec4 v000002b576c5c8b0_0, 0, 32;
    %pushi/vec4 1, 0, 1;
    %store/vec4 v000002b576c5db70_0, 0, 1;
    %pushi/vec4 0, 0, 16;
    %store/vec4 v000002b576c5d490_0, 0, 16;
    %pushi/vec4 6, 0, 32;
T_12.0 %dup/vec4;
    %pushi/vec4 0, 0, 32;
    %cmp/s;
    %jmp/1xz T_12.1, 5;
    %jmp/1 T_12.1, 4;
    %pushi/vec4 1, 0, 32;
    %sub;
    %wait E_000002b576bf9d80;
    %jmp T_12.0;
T_12.1 ;
    %pop/vec4 1;
    %pushi/vec4 0, 0, 1;
    %store/vec4 v000002b576c5db70_0, 0, 1;
    %wait E_000002b576bf9d80;
    %delay 1000, 0;
    %vpi_call 2 120 "$display", "\000" {0 0 0};
    %vpi_call 2 121 "$display", "============================================" {0 0 0};
    %vpi_call 2 122 "$display", "  FPGA Calculator Testbench (Nexys A7)" {0 0 0};
    %vpi_call 2 123 "$display", "============================================" {0 0 0};
    %vpi_call 2 128 "$display", "\012--- ADDITION (op_sel=00) ---" {0 0 0};
    %pushi/vec4 0, 0, 4;
    %store/vec4 v000002b576bea280_0, 0, 4;
    %pushi/vec4 0, 0, 4;
    %store/vec4 v000002b576bea3c0_0, 0, 4;
    %pushi/vec4 0, 0, 2;
    %store/vec4 v000002b576beafa0_0, 0, 2;
    %pushi/vec4 0, 0, 8;
    %store/vec4 v000002b576bead20_0, 0, 8;
    %pushi/vec4 0, 0, 1;
    %store/vec4 v000002b576bea640_0, 0, 1;
    %pushi/vec4 0, 0, 1;
    %store/vec4 v000002b576bea6e0_0, 0, 1;
    %pushi/vec4 0, 0, 1;
    %store/vec4 v000002b576bea820_0, 0, 1;
    %pushi/vec4 1094992928, 0, 32; draw_string_vec4
    %pushi/vec4 808136736, 0, 32; draw_string_vec4
    %concat/vec4; draw_string_vec4
    %store/vec4 v000002b576beaf00_0, 0, 64;
    %fork TD_calculator_tb.check, S_000002b576beb390;
    %join;
    %pushi/vec4 5, 0, 4;
    %store/vec4 v000002b576bea280_0, 0, 4;
    %pushi/vec4 3, 0, 4;
    %store/vec4 v000002b576bea3c0_0, 0, 4;
    %pushi/vec4 0, 0, 2;
    %store/vec4 v000002b576beafa0_0, 0, 2;
    %pushi/vec4 8, 0, 8;
    %store/vec4 v000002b576bead20_0, 0, 8;
    %pushi/vec4 0, 0, 1;
    %store/vec4 v000002b576bea640_0, 0, 1;
    %pushi/vec4 0, 0, 1;
    %store/vec4 v000002b576bea6e0_0, 0, 1;
    %pushi/vec4 0, 0, 1;
    %store/vec4 v000002b576bea820_0, 0, 1;
    %pushi/vec4 1094992928, 0, 32; draw_string_vec4
    %pushi/vec4 892023584, 0, 32; draw_string_vec4
    %concat/vec4; draw_string_vec4
    %store/vec4 v000002b576beaf00_0, 0, 64;
    %fork TD_calculator_tb.check, S_000002b576beb390;
    %join;
    %pushi/vec4 9, 0, 4;
    %store/vec4 v000002b576bea280_0, 0, 4;
    %pushi/vec4 7, 0, 4;
    %store/vec4 v000002b576bea3c0_0, 0, 4;
    %pushi/vec4 0, 0, 2;
    %store/vec4 v000002b576beafa0_0, 0, 2;
    %pushi/vec4 16, 0, 8;
    %store/vec4 v000002b576bead20_0, 0, 8;
    %pushi/vec4 0, 0, 1;
    %store/vec4 v000002b576bea640_0, 0, 1;
    %pushi/vec4 0, 0, 1;
    %store/vec4 v000002b576bea6e0_0, 0, 1;
    %pushi/vec4 0, 0, 1;
    %store/vec4 v000002b576bea820_0, 0, 1;
    %pushi/vec4 1094992928, 0, 32; draw_string_vec4
    %pushi/vec4 959133472, 0, 32; draw_string_vec4
    %concat/vec4; draw_string_vec4
    %store/vec4 v000002b576beaf00_0, 0, 64;
    %fork TD_calculator_tb.check, S_000002b576beb390;
    %join;
    %pushi/vec4 15, 0, 4;
    %store/vec4 v000002b576bea280_0, 0, 4;
    %pushi/vec4 15, 0, 4;
    %store/vec4 v000002b576bea3c0_0, 0, 4;
    %pushi/vec4 0, 0, 2;
    %store/vec4 v000002b576beafa0_0, 0, 2;
    %pushi/vec4 30, 0, 8;
    %store/vec4 v000002b576bead20_0, 0, 8;
    %pushi/vec4 0, 0, 1;
    %store/vec4 v000002b576bea640_0, 0, 1;
    %pushi/vec4 0, 0, 1;
    %store/vec4 v000002b576bea6e0_0, 0, 1;
    %pushi/vec4 0, 0, 1;
    %store/vec4 v000002b576bea820_0, 0, 1;
    %pushi/vec4 2290630754, 0, 33;
    %concati/vec4 892023093, 0, 31;
    %store/vec4 v000002b576beaf00_0, 0, 64;
    %fork TD_calculator_tb.check, S_000002b576beb390;
    %join;
    %pushi/vec4 1, 0, 4;
    %store/vec4 v000002b576bea280_0, 0, 4;
    %pushi/vec4 0, 0, 4;
    %store/vec4 v000002b576bea3c0_0, 0, 4;
    %pushi/vec4 0, 0, 2;
    %store/vec4 v000002b576beafa0_0, 0, 2;
    %pushi/vec4 1, 0, 8;
    %store/vec4 v000002b576bead20_0, 0, 8;
    %pushi/vec4 0, 0, 1;
    %store/vec4 v000002b576bea640_0, 0, 1;
    %pushi/vec4 0, 0, 1;
    %store/vec4 v000002b576bea6e0_0, 0, 1;
    %pushi/vec4 0, 0, 1;
    %store/vec4 v000002b576bea820_0, 0, 1;
    %pushi/vec4 1094992928, 0, 32; draw_string_vec4
    %pushi/vec4 824913952, 0, 32; draw_string_vec4
    %concat/vec4; draw_string_vec4
    %store/vec4 v000002b576beaf00_0, 0, 64;
    %fork TD_calculator_tb.check, S_000002b576beb390;
    %join;
    %vpi_call 2 139 "$display", "\012--- SUBTRACTION (op_sel=01) ---" {0 0 0};
    %pushi/vec4 7, 0, 4;
    %store/vec4 v000002b576bea280_0, 0, 4;
    %pushi/vec4 3, 0, 4;
    %store/vec4 v000002b576bea3c0_0, 0, 4;
    %pushi/vec4 1, 0, 2;
    %store/vec4 v000002b576beafa0_0, 0, 2;
    %pushi/vec4 4, 0, 8;
    %store/vec4 v000002b576bead20_0, 0, 8;
    %pushi/vec4 0, 0, 1;
    %store/vec4 v000002b576bea640_0, 0, 1;
    %pushi/vec4 0, 0, 1;
    %store/vec4 v000002b576bea6e0_0, 0, 1;
    %pushi/vec4 0, 0, 1;
    %store/vec4 v000002b576bea820_0, 0, 1;
    %pushi/vec4 1398096416, 0, 32; draw_string_vec4
    %pushi/vec4 925709088, 0, 32; draw_string_vec4
    %concat/vec4; draw_string_vec4
    %store/vec4 v000002b576beaf00_0, 0, 64;
    %fork TD_calculator_tb.check, S_000002b576beb390;
    %join;
    %pushi/vec4 15, 0, 4;
    %store/vec4 v000002b576bea280_0, 0, 4;
    %pushi/vec4 15, 0, 4;
    %store/vec4 v000002b576bea3c0_0, 0, 4;
    %pushi/vec4 1, 0, 2;
    %store/vec4 v000002b576beafa0_0, 0, 2;
    %pushi/vec4 0, 0, 8;
    %store/vec4 v000002b576bead20_0, 0, 8;
    %pushi/vec4 0, 0, 1;
    %store/vec4 v000002b576bea640_0, 0, 1;
    %pushi/vec4 0, 0, 1;
    %store/vec4 v000002b576bea6e0_0, 0, 1;
    %pushi/vec4 0, 0, 1;
    %store/vec4 v000002b576bea820_0, 0, 1;
    %pushi/vec4 2860793954, 0, 33;
    %concati/vec4 892154165, 0, 31;
    %store/vec4 v000002b576beaf00_0, 0, 64;
    %fork TD_calculator_tb.check, S_000002b576beb390;
    %join;
    %pushi/vec4 5, 0, 4;
    %store/vec4 v000002b576bea280_0, 0, 4;
    %pushi/vec4 0, 0, 4;
    %store/vec4 v000002b576bea3c0_0, 0, 4;
    %pushi/vec4 1, 0, 2;
    %store/vec4 v000002b576beafa0_0, 0, 2;
    %pushi/vec4 5, 0, 8;
    %store/vec4 v000002b576bead20_0, 0, 8;
    %pushi/vec4 0, 0, 1;
    %store/vec4 v000002b576bea640_0, 0, 1;
    %pushi/vec4 0, 0, 1;
    %store/vec4 v000002b576bea6e0_0, 0, 1;
    %pushi/vec4 0, 0, 1;
    %store/vec4 v000002b576bea820_0, 0, 1;
    %pushi/vec4 1398096416, 0, 32; draw_string_vec4
    %pushi/vec4 892153888, 0, 32; draw_string_vec4
    %concat/vec4; draw_string_vec4
    %store/vec4 v000002b576beaf00_0, 0, 64;
    %fork TD_calculator_tb.check, S_000002b576beb390;
    %join;
    %pushi/vec4 0, 0, 4;
    %store/vec4 v000002b576bea280_0, 0, 4;
    %pushi/vec4 1, 0, 4;
    %store/vec4 v000002b576bea3c0_0, 0, 4;
    %pushi/vec4 1, 0, 2;
    %store/vec4 v000002b576beafa0_0, 0, 2;
    %pushi/vec4 255, 0, 8;
    %store/vec4 v000002b576bead20_0, 0, 8;
    %pushi/vec4 1, 0, 1;
    %store/vec4 v000002b576bea640_0, 0, 1;
    %pushi/vec4 0, 0, 1;
    %store/vec4 v000002b576bea6e0_0, 0, 1;
    %pushi/vec4 0, 0, 1;
    %store/vec4 v000002b576bea820_0, 0, 1;
    %pushi/vec4 1398096416, 0, 32; draw_string_vec4
    %pushi/vec4 808268064, 0, 32; draw_string_vec4
    %concat/vec4; draw_string_vec4
    %store/vec4 v000002b576beaf00_0, 0, 64;
    %fork TD_calculator_tb.check, S_000002b576beb390;
    %join;
    %pushi/vec4 3, 0, 4;
    %store/vec4 v000002b576bea280_0, 0, 4;
    %pushi/vec4 7, 0, 4;
    %store/vec4 v000002b576bea3c0_0, 0, 4;
    %pushi/vec4 1, 0, 2;
    %store/vec4 v000002b576beafa0_0, 0, 2;
    %pushi/vec4 252, 0, 8;
    %store/vec4 v000002b576bead20_0, 0, 8;
    %pushi/vec4 1, 0, 1;
    %store/vec4 v000002b576bea640_0, 0, 1;
    %pushi/vec4 0, 0, 1;
    %store/vec4 v000002b576bea6e0_0, 0, 1;
    %pushi/vec4 0, 0, 1;
    %store/vec4 v000002b576bea820_0, 0, 1;
    %pushi/vec4 1398096416, 0, 32; draw_string_vec4
    %pushi/vec4 858601248, 0, 32; draw_string_vec4
    %concat/vec4; draw_string_vec4
    %store/vec4 v000002b576beaf00_0, 0, 64;
    %fork TD_calculator_tb.check, S_000002b576beb390;
    %join;
    %pushi/vec4 1, 0, 4;
    %store/vec4 v000002b576bea280_0, 0, 4;
    %pushi/vec4 15, 0, 4;
    %store/vec4 v000002b576bea3c0_0, 0, 4;
    %pushi/vec4 1, 0, 2;
    %store/vec4 v000002b576beafa0_0, 0, 2;
    %pushi/vec4 242, 0, 8;
    %store/vec4 v000002b576bead20_0, 0, 8;
    %pushi/vec4 1, 0, 1;
    %store/vec4 v000002b576bea640_0, 0, 1;
    %pushi/vec4 0, 0, 1;
    %store/vec4 v000002b576bea6e0_0, 0, 1;
    %pushi/vec4 0, 0, 1;
    %store/vec4 v000002b576bea820_0, 0, 1;
    %pushi/vec4 1398096416, 0, 32; draw_string_vec4
    %pushi/vec4 825045301, 0, 32; draw_string_vec4
    %concat/vec4; draw_string_vec4
    %store/vec4 v000002b576beaf00_0, 0, 64;
    %fork TD_calculator_tb.check, S_000002b576beb390;
    %join;
    %vpi_call 2 155 "$display", "\012--- MULTIPLICATION (op_sel=10) ---" {0 0 0};
    %pushi/vec4 0, 0, 4;
    %store/vec4 v000002b576bea280_0, 0, 4;
    %pushi/vec4 5, 0, 4;
    %store/vec4 v000002b576bea3c0_0, 0, 4;
    %pushi/vec4 2, 0, 2;
    %store/vec4 v000002b576beafa0_0, 0, 2;
    %pushi/vec4 0, 0, 8;
    %store/vec4 v000002b576bead20_0, 0, 8;
    %pushi/vec4 0, 0, 1;
    %store/vec4 v000002b576bea640_0, 0, 1;
    %pushi/vec4 0, 0, 1;
    %store/vec4 v000002b576bea6e0_0, 0, 1;
    %pushi/vec4 0, 0, 1;
    %store/vec4 v000002b576bea820_0, 0, 1;
    %pushi/vec4 1297435680, 0, 32; draw_string_vec4
    %pushi/vec4 808072480, 0, 32; draw_string_vec4
    %concat/vec4; draw_string_vec4
    %store/vec4 v000002b576beaf00_0, 0, 64;
    %fork TD_calculator_tb.check, S_000002b576beb390;
    %join;
    %pushi/vec4 1, 0, 4;
    %store/vec4 v000002b576bea280_0, 0, 4;
    %pushi/vec4 1, 0, 4;
    %store/vec4 v000002b576bea3c0_0, 0, 4;
    %pushi/vec4 2, 0, 2;
    %store/vec4 v000002b576beafa0_0, 0, 2;
    %pushi/vec4 1, 0, 8;
    %store/vec4 v000002b576bead20_0, 0, 8;
    %pushi/vec4 0, 0, 1;
    %store/vec4 v000002b576bea640_0, 0, 1;
    %pushi/vec4 0, 0, 1;
    %store/vec4 v000002b576bea6e0_0, 0, 1;
    %pushi/vec4 0, 0, 1;
    %store/vec4 v000002b576bea820_0, 0, 1;
    %pushi/vec4 1297435680, 0, 32; draw_string_vec4
    %pushi/vec4 824848672, 0, 32; draw_string_vec4
    %concat/vec4; draw_string_vec4
    %store/vec4 v000002b576beaf00_0, 0, 64;
    %fork TD_calculator_tb.check, S_000002b576beb390;
    %join;
    %pushi/vec4 3, 0, 4;
    %store/vec4 v000002b576bea280_0, 0, 4;
    %pushi/vec4 4, 0, 4;
    %store/vec4 v000002b576bea3c0_0, 0, 4;
    %pushi/vec4 2, 0, 2;
    %store/vec4 v000002b576beafa0_0, 0, 2;
    %pushi/vec4 12, 0, 8;
    %store/vec4 v000002b576bead20_0, 0, 8;
    %pushi/vec4 0, 0, 1;
    %store/vec4 v000002b576bea640_0, 0, 1;
    %pushi/vec4 0, 0, 1;
    %store/vec4 v000002b576bea6e0_0, 0, 1;
    %pushi/vec4 0, 0, 1;
    %store/vec4 v000002b576bea820_0, 0, 1;
    %pushi/vec4 1297435680, 0, 32; draw_string_vec4
    %pushi/vec4 858403872, 0, 32; draw_string_vec4
    %concat/vec4; draw_string_vec4
    %store/vec4 v000002b576beaf00_0, 0, 64;
    %fork TD_calculator_tb.check, S_000002b576beb390;
    %join;
    %pushi/vec4 7, 0, 4;
    %store/vec4 v000002b576bea280_0, 0, 4;
    %pushi/vec4 8, 0, 4;
    %store/vec4 v000002b576bea3c0_0, 0, 4;
    %pushi/vec4 2, 0, 2;
    %store/vec4 v000002b576beafa0_0, 0, 2;
    %pushi/vec4 56, 0, 8;
    %store/vec4 v000002b576bead20_0, 0, 8;
    %pushi/vec4 0, 0, 1;
    %store/vec4 v000002b576bea640_0, 0, 1;
    %pushi/vec4 0, 0, 1;
    %store/vec4 v000002b576bea6e0_0, 0, 1;
    %pushi/vec4 0, 0, 1;
    %store/vec4 v000002b576bea820_0, 0, 1;
    %pushi/vec4 1297435680, 0, 32; draw_string_vec4
    %pushi/vec4 925513760, 0, 32; draw_string_vec4
    %concat/vec4; draw_string_vec4
    %store/vec4 v000002b576beaf00_0, 0, 64;
    %fork TD_calculator_tb.check, S_000002b576beb390;
    %join;
    %pushi/vec4 15, 0, 4;
    %store/vec4 v000002b576bea280_0, 0, 4;
    %pushi/vec4 15, 0, 4;
    %store/vec4 v000002b576bea3c0_0, 0, 4;
    %pushi/vec4 2, 0, 2;
    %store/vec4 v000002b576beafa0_0, 0, 2;
    %pushi/vec4 225, 0, 8;
    %store/vec4 v000002b576bead20_0, 0, 8;
    %pushi/vec4 0, 0, 1;
    %store/vec4 v000002b576bea640_0, 0, 1;
    %pushi/vec4 0, 0, 1;
    %store/vec4 v000002b576bea6e0_0, 0, 1;
    %pushi/vec4 0, 0, 1;
    %store/vec4 v000002b576bea820_0, 0, 1;
    %pushi/vec4 2862104674, 0, 33;
    %concati/vec4 891957557, 0, 31;
    %store/vec4 v000002b576beaf00_0, 0, 64;
    %fork TD_calculator_tb.check, S_000002b576beb390;
    %join;
    %vpi_call 2 167 "$display", "\012--- DIVISION (op_sel=11) ---" {0 0 0};
    %pushi/vec4 10, 0, 4;
    %store/vec4 v000002b576bea280_0, 0, 4;
    %pushi/vec4 2, 0, 4;
    %store/vec4 v000002b576bea3c0_0, 0, 4;
    %pushi/vec4 3, 0, 2;
    %store/vec4 v000002b576beafa0_0, 0, 2;
    %pushi/vec4 5, 0, 8;
    %store/vec4 v000002b576bead20_0, 0, 8;
    %pushi/vec4 0, 0, 1;
    %store/vec4 v000002b576bea640_0, 0, 1;
    %pushi/vec4 0, 0, 1;
    %store/vec4 v000002b576bea6e0_0, 0, 1;
    %pushi/vec4 0, 0, 1;
    %store/vec4 v000002b576bea820_0, 0, 1;
    %pushi/vec4 2460762210, 0, 33;
    %concati/vec4 808399392, 0, 31;
    %store/vec4 v000002b576beaf00_0, 0, 64;
    %fork TD_calculator_tb.check, S_000002b576beb390;
    %join;
    %pushi/vec4 7, 0, 4;
    %store/vec4 v000002b576bea280_0, 0, 4;
    %pushi/vec4 2, 0, 4;
    %store/vec4 v000002b576bea3c0_0, 0, 4;
    %pushi/vec4 3, 0, 2;
    %store/vec4 v000002b576beafa0_0, 0, 2;
    %pushi/vec4 3, 0, 8;
    %store/vec4 v000002b576bead20_0, 0, 8;
    %pushi/vec4 0, 0, 1;
    %store/vec4 v000002b576bea640_0, 0, 1;
    %pushi/vec4 0, 0, 1;
    %store/vec4 v000002b576bea6e0_0, 0, 1;
    %pushi/vec4 0, 0, 1;
    %store/vec4 v000002b576bea820_0, 0, 1;
    %pushi/vec4 2460762222, 0, 33;
    %concati/vec4 791814176, 0, 31;
    %store/vec4 v000002b576beaf00_0, 0, 64;
    %fork TD_calculator_tb.check, S_000002b576beb390;
    %join;
    %pushi/vec4 1, 0, 4;
    %store/vec4 v000002b576bea280_0, 0, 4;
    %pushi/vec4 3, 0, 4;
    %store/vec4 v000002b576bea3c0_0, 0, 4;
    %pushi/vec4 3, 0, 2;
    %store/vec4 v000002b576beafa0_0, 0, 2;
    %pushi/vec4 0, 0, 8;
    %store/vec4 v000002b576bead20_0, 0, 8;
    %pushi/vec4 0, 0, 1;
    %store/vec4 v000002b576bea640_0, 0, 1;
    %pushi/vec4 0, 0, 1;
    %store/vec4 v000002b576bea6e0_0, 0, 1;
    %pushi/vec4 0, 0, 1;
    %store/vec4 v000002b576bea820_0, 0, 1;
    %pushi/vec4 2460762210, 0, 33;
    %concati/vec4 791879712, 0, 31;
    %store/vec4 v000002b576beaf00_0, 0, 64;
    %fork TD_calculator_tb.check, S_000002b576beb390;
    %join;
    %pushi/vec4 0, 0, 4;
    %store/vec4 v000002b576bea280_0, 0, 4;
    %pushi/vec4 5, 0, 4;
    %store/vec4 v000002b576bea3c0_0, 0, 4;
    %pushi/vec4 3, 0, 2;
    %store/vec4 v000002b576beafa0_0, 0, 2;
    %pushi/vec4 0, 0, 8;
    %store/vec4 v000002b576bead20_0, 0, 8;
    %pushi/vec4 0, 0, 1;
    %store/vec4 v000002b576bea640_0, 0, 1;
    %pushi/vec4 0, 0, 1;
    %store/vec4 v000002b576bea6e0_0, 0, 1;
    %pushi/vec4 0, 0, 1;
    %store/vec4 v000002b576bea820_0, 0, 1;
    %pushi/vec4 2460762208, 0, 33;
    %concati/vec4 792010784, 0, 31;
    %store/vec4 v000002b576beaf00_0, 0, 64;
    %fork TD_calculator_tb.check, S_000002b576beb390;
    %join;
    %pushi/vec4 15, 0, 4;
    %store/vec4 v000002b576bea280_0, 0, 4;
    %pushi/vec4 1, 0, 4;
    %store/vec4 v000002b576bea3c0_0, 0, 4;
    %pushi/vec4 3, 0, 2;
    %store/vec4 v000002b576beafa0_0, 0, 2;
    %pushi/vec4 15, 0, 8;
    %store/vec4 v000002b576bead20_0, 0, 8;
    %pushi/vec4 0, 0, 1;
    %store/vec4 v000002b576bea640_0, 0, 1;
    %pushi/vec4 0, 0, 1;
    %store/vec4 v000002b576bea6e0_0, 0, 1;
    %pushi/vec4 0, 0, 1;
    %store/vec4 v000002b576bea820_0, 0, 1;
    %pushi/vec4 2460762210, 0, 33;
    %concati/vec4 892285216, 0, 31;
    %store/vec4 v000002b576beaf00_0, 0, 64;
    %fork TD_calculator_tb.check, S_000002b576beb390;
    %join;
    %pushi/vec4 14, 0, 4;
    %store/vec4 v000002b576bea280_0, 0, 4;
    %pushi/vec4 3, 0, 4;
    %store/vec4 v000002b576bea3c0_0, 0, 4;
    %pushi/vec4 3, 0, 2;
    %store/vec4 v000002b576beafa0_0, 0, 2;
    %pushi/vec4 4, 0, 8;
    %store/vec4 v000002b576bead20_0, 0, 8;
    %pushi/vec4 0, 0, 1;
    %store/vec4 v000002b576bea640_0, 0, 1;
    %pushi/vec4 0, 0, 1;
    %store/vec4 v000002b576bea6e0_0, 0, 1;
    %pushi/vec4 0, 0, 1;
    %store/vec4 v000002b576bea820_0, 0, 1;
    %pushi/vec4 2460762210, 0, 33;
    %concati/vec4 875508512, 0, 31;
    %store/vec4 v000002b576beaf00_0, 0, 64;
    %fork TD_calculator_tb.check, S_000002b576beb390;
    %join;
    %pushi/vec4 5, 0, 4;
    %store/vec4 v000002b576bea280_0, 0, 4;
    %pushi/vec4 0, 0, 4;
    %store/vec4 v000002b576bea3c0_0, 0, 4;
    %pushi/vec4 3, 0, 2;
    %store/vec4 v000002b576beafa0_0, 0, 2;
    %pushi/vec4 0, 0, 8;
    %store/vec4 v000002b576bead20_0, 0, 8;
    %pushi/vec4 0, 0, 1;
    %store/vec4 v000002b576bea640_0, 0, 1;
    %pushi/vec4 1, 0, 1;
    %store/vec4 v000002b576bea6e0_0, 0, 1;
    %pushi/vec4 0, 0, 1;
    %store/vec4 v000002b576bea820_0, 0, 1;
    %pushi/vec4 2460762218, 0, 33;
    %concati/vec4 791683104, 0, 31;
    %store/vec4 v000002b576beaf00_0, 0, 64;
    %fork TD_calculator_tb.check, S_000002b576beb390;
    %join;
    %pushi/vec4 0, 0, 4;
    %store/vec4 v000002b576bea280_0, 0, 4;
    %pushi/vec4 0, 0, 4;
    %store/vec4 v000002b576bea3c0_0, 0, 4;
    %pushi/vec4 3, 0, 2;
    %store/vec4 v000002b576beafa0_0, 0, 2;
    %pushi/vec4 0, 0, 8;
    %store/vec4 v000002b576bead20_0, 0, 8;
    %pushi/vec4 0, 0, 1;
    %store/vec4 v000002b576bea640_0, 0, 1;
    %pushi/vec4 1, 0, 1;
    %store/vec4 v000002b576bea6e0_0, 0, 1;
    %pushi/vec4 0, 0, 1;
    %store/vec4 v000002b576bea820_0, 0, 1;
    %pushi/vec4 2460762208, 0, 33;
    %concati/vec4 791683104, 0, 31;
    %store/vec4 v000002b576beaf00_0, 0, 64;
    %fork TD_calculator_tb.check, S_000002b576beb390;
    %join;
    %vpi_call 2 181 "$display", "\012--- RESET test ---" {0 0 0};
    %pushi/vec4 65535, 0, 16;
    %store/vec4 v000002b576c5d490_0, 0, 16;
    %pushi/vec4 3, 0, 32;
T_12.2 %dup/vec4;
    %pushi/vec4 0, 0, 32;
    %cmp/s;
    %jmp/1xz T_12.3, 5;
    %jmp/1 T_12.3, 4;
    %pushi/vec4 1, 0, 32;
    %sub;
    %wait E_000002b576bf9d80;
    %jmp T_12.2;
T_12.3 ;
    %pop/vec4 1;
    %pushi/vec4 1, 0, 1;
    %store/vec4 v000002b576c5db70_0, 0, 1;
    %pushi/vec4 3, 0, 32;
T_12.4 %dup/vec4;
    %pushi/vec4 0, 0, 32;
    %cmp/s;
    %jmp/1xz T_12.5, 5;
    %jmp/1 T_12.5, 4;
    %pushi/vec4 1, 0, 32;
    %sub;
    %wait E_000002b576bf9d80;
    %jmp T_12.4;
T_12.5 ;
    %pop/vec4 1;
    %delay 1000, 0;
    %load/vec4 v000002b576c5dfd0_0;
    %cmpi/e 0, 0, 16;
    %jmp/0xz  T_12.6, 6;
    %vpi_call 2 187 "$display", "  PASS  RESET  led=0x0000 during reset" {0 0 0};
    %load/vec4 v000002b576c5d2b0_0;
    %addi 1, 0, 32;
    %store/vec4 v000002b576c5d2b0_0, 0, 32;
    %jmp T_12.7;
T_12.6 ;
    %vpi_call 2 190 "$display", "  FAIL  RESET  expected led=0x0000 got 0x%04X", v000002b576c5dfd0_0 {0 0 0};
    %load/vec4 v000002b576c5c8b0_0;
    %addi 1, 0, 32;
    %store/vec4 v000002b576c5c8b0_0, 0, 32;
T_12.7 ;
    %pushi/vec4 0, 0, 1;
    %store/vec4 v000002b576c5db70_0, 0, 1;
    %vpi_call 2 198 "$display", "\000" {0 0 0};
    %vpi_call 2 199 "$display", "============================================" {0 0 0};
    %vpi_call 2 200 "$display", "  Results: %0d PASS  /  %0d FAIL", v000002b576c5d2b0_0, v000002b576c5c8b0_0 {0 0 0};
    %vpi_call 2 201 "$display", "============================================" {0 0 0};
    %vpi_call 2 202 "$display", "\000" {0 0 0};
    %load/vec4 v000002b576c5c8b0_0;
    %cmpi/e 0, 0, 32;
    %jmp/0xz  T_12.8, 4;
    %vpi_call 2 205 "$display", "  *** ALL TESTS PASSED ***" {0 0 0};
    %jmp T_12.9;
T_12.8 ;
    %vpi_call 2 207 "$display", "  *** %0d TEST(S) FAILED ***", v000002b576c5c8b0_0 {0 0 0};
T_12.9 ;
    %vpi_call 2 209 "$display", "\000" {0 0 0};
    %delay 100000, 0;
    %vpi_call 2 211 "$finish" {0 0 0};
    %end;
    .thread T_12;
    .scope S_000002b576bfe590;
T_13 ;
    %delay 705032704, 1;
    %vpi_call 2 217 "$display", "WATCHDOG TIMEOUT \342\200\223 simulation hung!" {0 0 0};
    %vpi_call 2 218 "$finish" {0 0 0};
    %end;
    .thread T_13;
# The file index is used to find the file name in the following table.
:file_names 11;
    "N/A";
    "<interactive>";
    "sim/calculator_tb.v";
    "src/calculator_top.v";
    "src/calc_core.v";
    "src/input_mapper.v";
    "src/led_driver.v";
    "src/clock_divider.v";
    "src/reset_sync.v";
    "src/result_formatter.v";
    "src/sevenseg_mux.v";
